[13-Jun-2025 06:19:44 UTC] PHP Fatal error:  Cannot declare class App\Http\Controllers\Admin\MyProfileController, because the name is already in use in /var/www/html/yukimart/app/Http/Controllers/Admin/CMS/MyProfileController.php on line 15
[19-Jun-2025 04:35:44 UTC] PHP Fatal error:  Cannot redeclare App\Providers\faIcon() (previously declared in /var/www/html/yukimart/app/Providers/AppServiceProvider.php:106) in /var/www/html/yukimart/app/Providers/AppServiceProvider.php on line 106
[04-Jul-2025 01:30:23 UTC] PHP Fatal error:  Declaration of Illuminate\Database\PDO\Concerns\ConnectsToDatabase::connect(array $params, $username = null, $password = null, array $driverOptions = []) must be compatible with Doctrine\DBAL\Driver::connect(array $params): Doctrine\DBAL\Driver\Connection in /var/www/html/yukimart/vendor/laravel/framework/src/Illuminate/Database/PDO/Concerns/ConnectsToDatabase.php on line 22
[05-Jul-2025 08:26:03 Asia/Ho_Chi_Minh] PHP Fatal error:  Cannot redeclare App\Providers\faIcon() (previously declared in /var/www/html/yukimart/app/Providers/AppServiceProvider.php:106) in /var/www/html/yukimart/app/Providers/AppServiceProvider.php on line 106
[05-Jul-2025 08:27:24 Asia/Ho_Chi_Minh] PHP Fatal error:  Cannot redeclare App\Providers\faIcon() (previously declared in /var/www/html/yukimart/app/Providers/AppServiceProvider.php:106) in /var/www/html/yukimart/app/Providers/AppServiceProvider.php on line 106
[05-Jul-2025 11:38:14 Asia/Ho_Chi_Minh] PHP Fatal error:  Declaration of Illuminate\Database\PDO\Concerns\ConnectsToDatabase::connect(array $params, $username = null, $password = null, array $driverOptions = []) must be compatible with Doctrine\DBAL\Driver::connect(array $params): Doctrine\DBAL\Driver\Connection in /var/www/html/yukimart/vendor/laravel/framework/src/Illuminate/Database/PDO/Concerns/ConnectsToDatabase.php on line 22
[10-Jul-2025 17:16:02 UTC] PHP Fatal error:  Uncaught Error: Class "App\Models\Payment" not found in Command line code:1
Stack trace:
#0 {main}
  thrown in Command line code on line 1
[10-Jul-2025 17:16:12 UTC] PHP Fatal error:  Uncaught Error: Call to a member function connection() on null in /var/www/html/yukimart/vendor/laravel/framework/src/Illuminate/Database/Eloquent/Model.php:1815
Stack trace:
#0 /var/www/html/yukimart/vendor/laravel/framework/src/Illuminate/Database/Eloquent/Model.php(1781): Illuminate\Database\Eloquent\Model::resolveConnection()
#1 /var/www/html/yukimart/vendor/laravel/framework/src/Illuminate/Database/Eloquent/Model.php(1573): Illuminate\Database\Eloquent\Model->getConnection()
#2 /var/www/html/yukimart/vendor/laravel/framework/src/Illuminate/Database/Eloquent/Model.php(1492): Illuminate\Database\Eloquent\Model->newBaseQueryBuilder()
#3 /var/www/html/yukimart/vendor/laravel/framework/src/Illuminate/Database/Eloquent/Model.php(1528): Illuminate\Database\Eloquent\Model->newModelQuery()
#4 /var/www/html/yukimart/vendor/laravel/framework/src/Illuminate/Database/Eloquent/Model.php(1481): Illuminate\Database\Eloquent\Model->newQueryWithoutScopes()
#5 /var/www/html/yukimart/vendor/laravel/framework/src/Illuminate/Database/Eloquent/Model.php(2330): Illuminate\Database\Eloquent\Model->newQuery()
#6 /var/www/html/yukimart/vendor/laravel/framework/src/Illuminate/Database/Eloquent/Model.php(2342): Illuminate\Database\Eloquent\Model->__call()
#7 Command line code(1): Illuminate\Database\Eloquent\Model::__callStatic()
#8 {main}
  thrown in /var/www/html/yukimart/vendor/laravel/framework/src/Illuminate/Database/Eloquent/Model.php on line 1815
[01-Aug-2025 07:50:45 UTC] PHP Parse error:  syntax error, unexpected token "=", expecting end of file in Command line code on line 3
[01-Aug-2025 08:06:02 UTC] PHP Parse error:  syntax error, unexpected token "=", expecting end of file in Command line code on line 3
[01-Aug-2025 08:10:08 UTC] PHP Parse error:  syntax error, unexpected token "=", expecting end of file in Command line code on line 3
[01-Aug-2025 08:17:22 UTC] PHP Parse error:  syntax error, unexpected token "=", expecting end of file in Command line code on line 3
[01-Aug-2025 10:29:02 UTC] PHP Parse error:  syntax error, unexpected token "=", expecting end of file in Command line code on line 3
[01-Aug-2025 10:31:55 UTC] PHP Parse error:  syntax error, unexpected token "=", expecting end of file in Command line code on line 3
