[17-Jun-2025 10:01:16 UTC] PHP Deprecated:  Optional parameter $column declared before required parameter $params is implicitly treated as a required parameter in /var/www/html/yukimart/app/Services/ProjectService.php on line 94
[17-Jun-2025 10:01:17 UTC] PHP Deprecated:  Optional parameter $column declared before required parameter $params is implicitly treated as a required parameter in /var/www/html/yukimart/app/Services/TaskService.php on line 86
[17-Jun-2025 10:01:28 UTC] PHP Deprecated:  Optional parameter $columns declared before required parameter $filter is implicitly treated as a required parameter in /var/www/html/yukimart/app/Services/CategoryService.php on line 27
[17-Jun-2025 10:01:28 UTC] PHP Deprecated:  Optional parameter $columns declared before required parameter $filter is implicitly treated as a required parameter in /var/www/html/yukimart/app/Services/CategoryPostService.php on line 27
[17-Jun-2025 10:01:28 UTC] PHP Deprecated:  Optional parameter $columns declared before required parameter $pagination is implicitly treated as a required parameter in /var/www/html/yukimart/app/Services/CategoryPostService.php on line 33
[17-Jun-2025 14:41:20 UTC] PHP Deprecated:  Optional parameter $column declared before required parameter $params is implicitly treated as a required parameter in /var/www/html/yukimart/app/Services/PageService.php on line 102
[08-Jul-2025 10:13:48 Asia/Ho_Chi_Minh] PHP Deprecated:  Optional parameter $columns declared before required parameter $filter is implicitly treated as a required parameter in /var/www/html/yukimart/app/Services/CategoryService.php on line 27
[09-Jul-2025 14:54:00 Asia/Ho_Chi_Minh] PHP Deprecated:  Optional parameter $columns declared before required parameter $filter is implicitly treated as a required parameter in /var/www/html/yukimart/app/Services/CategoryPostService.php on line 27
[09-Jul-2025 14:54:00 Asia/Ho_Chi_Minh] PHP Deprecated:  Optional parameter $columns declared before required parameter $pagination is implicitly treated as a required parameter in /var/www/html/yukimart/app/Services/CategoryPostService.php on line 33
[23-Jul-2025 18:09:00 Asia/Ho_Chi_Minh] PHP Fatal error:  Cannot redeclare App\Models\User::createdOrders() in /var/www/html/yukimart/app/Models/User.php on line 321
[23-Jul-2025 18:09:00 Asia/Ho_Chi_Minh] PHP Fatal error:  Cannot redeclare App\Models\User::createdOrders() in /var/www/html/yukimart/app/Models/User.php on line 321
[23-Jul-2025 18:09:01 Asia/Ho_Chi_Minh] PHP Fatal error:  Cannot redeclare App\Models\User::createdOrders() in /var/www/html/yukimart/app/Models/User.php on line 321
[23-Jul-2025 18:09:01 Asia/Ho_Chi_Minh] PHP Fatal error:  Cannot redeclare App\Models\User::createdOrders() in /var/www/html/yukimart/app/Models/User.php on line 321
[23-Jul-2025 18:09:32 Asia/Ho_Chi_Minh] PHP Fatal error:  Cannot redeclare App\Models\User::createdOrders() in /var/www/html/yukimart/app/Models/User.php on line 321
[23-Jul-2025 18:09:34 Asia/Ho_Chi_Minh] PHP Fatal error:  Cannot redeclare App\Models\User::createdOrders() in /var/www/html/yukimart/app/Models/User.php on line 321
[23-Jul-2025 18:09:34 Asia/Ho_Chi_Minh] PHP Fatal error:  Cannot redeclare App\Models\User::createdOrders() in /var/www/html/yukimart/app/Models/User.php on line 321
[23-Jul-2025 18:09:34 Asia/Ho_Chi_Minh] PHP Fatal error:  Cannot redeclare App\Models\User::createdOrders() in /var/www/html/yukimart/app/Models/User.php on line 321
[23-Jul-2025 18:09:43 Asia/Ho_Chi_Minh] PHP Fatal error:  Cannot redeclare App\Models\User::createdOrders() in /var/www/html/yukimart/app/Models/User.php on line 321
[23-Jul-2025 18:09:46 Asia/Ho_Chi_Minh] PHP Fatal error:  Cannot redeclare App\Models\User::createdOrders() in /var/www/html/yukimart/app/Models/User.php on line 321
[31-Jul-2025 18:58:34 Asia/Ho_Chi_Minh] OrderService::createOrder - Starting order creation
[31-Jul-2025 18:58:34 Asia/Ho_Chi_Minh] OrderService::createOrder - Data: {"customer_id":null,"branch_shop_id":18,"sold_by":1,"channel":"direct","payment_method":"cash","payment_status":"paid","payment_date":"2025-07-31T11:58:34.881238Z","amount_paid":50000,"status":"draft","delivery_status":"pending","notes":"","total_amount":50000,"discount_amount":0,"other_amount":0,"final_amount":50000,"created_by_user":1,"items":[{"product_id":67,"product_name":"Dao g\u1ecdt hoa qu\u1ea3 \u0111\u1ee5c l\u1ed7 Echo 25cm","sku":"4991203155313","barcode":"4991203155313","quantity":1,"unit_price":50000,"discount":0,"total_price":50000,"cost_price":"25000.00","weight":null}],"quick_order":true}
[31-Jul-2025 18:58:35 Asia/Ho_Chi_Minh] OrderService::createOrder - About to save order
[31-Jul-2025 18:58:35 Asia/Ho_Chi_Minh] OrderService::createOrder - Order saved with ID: 1823
[31-Jul-2025 19:00:06 Asia/Ho_Chi_Minh] OrderService::createOrder - Starting order creation
[31-Jul-2025 19:00:06 Asia/Ho_Chi_Minh] OrderService::createOrder - Data: {"customer_id":null,"branch_shop_id":18,"sold_by":1,"channel":"direct","payment_method":"cash","payment_status":"paid","payment_date":"2025-07-31T12:00:06.817447Z","amount_paid":50000,"status":"draft","delivery_status":"pending","notes":"","total_amount":50000,"discount_amount":0,"other_amount":0,"final_amount":50000,"created_by_user":1,"items":[{"product_id":67,"product_name":"Dao g\u1ecdt hoa qu\u1ea3 \u0111\u1ee5c l\u1ed7 Echo 25cm","sku":"4991203155313","barcode":"4991203155313","quantity":1,"unit_price":50000,"discount":0,"total_price":50000,"cost_price":"25000.00","weight":null}],"quick_order":true}
[31-Jul-2025 19:00:07 Asia/Ho_Chi_Minh] OrderService::createOrder - About to save order
[31-Jul-2025 19:00:07 Asia/Ho_Chi_Minh] OrderService::createOrder - Order saved with ID: 1824
[31-Jul-2025 19:00:07 Asia/Ho_Chi_Minh] OrderService::createOrder failed: SQLSTATE[42S22]: Column not found: 1054 Unknown column 'product_name' in 'field list' (SQL: insert into `order_items` (`order_id`, `product_id`, `product_name`, `product_sku`, `product_description`, `quantity`, `unit`, `unit_price`, `discount_rate`, `discount`, `tax_rate`, `tax_amount`, `notes`, `sort_order`, `total_price`, `updated_at`, `created_at`) values (1824, 67, Dao gọt hoa quả đục lỗ Echo 25cm, 4991203155313, Dao gọt hoa quả đục lỗ Mini cook 25cm

Kích thước: 400mm x 250mm (lưỡi dao dài 130mm, cán dao 120mm)
Chất liệu:
- Cán dao bằng nhựa PP, Lưỡi dao bằng thép không gỉ chịu được nhiệt độ từ -20 độ đến 70 độ C
Dao nhỏ gọn và tiện sử dụng cho việc cắt gọt với chiều dài lưỡi phù hợp, thân dao thiết kế nhiều lỗ giúp thức ăn không bị dính vào lưỡi dao khi cắt., 1, cái, 50000, 0, 0, 0, 0, ?, 0, 50000, 2025-07-31 19:00:07, 2025-07-31 19:00:07))
[31-Jul-2025 19:00:07 Asia/Ho_Chi_Minh] OrderService::createOrder trace: #0 /var/www/html/yukimart/vendor/laravel/framework/src/Illuminate/Database/Connection.php(720): Illuminate\Database\Connection->runQueryCallback()
#1 /var/www/html/yukimart/vendor/laravel/framework/src/Illuminate/Database/Connection.php(534): Illuminate\Database\Connection->run()
#2 /var/www/html/yukimart/vendor/laravel/framework/src/Illuminate/Database/Connection.php(498): Illuminate\Database\Connection->statement()
#3 /var/www/html/yukimart/vendor/laravel/framework/src/Illuminate/Database/Query/Processors/Processor.php(32): Illuminate\Database\Connection->insert()
#4 /var/www/html/yukimart/vendor/laravel/framework/src/Illuminate/Database/Query/Builder.php(3322): Illuminate\Database\Query\Processors\Processor->processInsertGetId()
#5 /var/www/html/yukimart/vendor/laravel/framework/src/Illuminate/Database/Eloquent/Builder.php(1869): Illuminate\Database\Query\Builder->insertGetId()
#6 /var/www/html/yukimart/vendor/laravel/framework/src/Illuminate/Database/Eloquent/Model.php(1330): Illuminate\Database\Eloquent\Builder->__call()
#7 /var/www/html/yukimart/vendor/laravel/framework/src/Illuminate/Database/Eloquent/Model.php(1295): Illuminate\Database\Eloquent\Model->insertAndSetId()
#8 /var/www/html/yukimart/vendor/laravel/framework/src/Illuminate/Database/Eloquent/Model.php(1138): Illuminate\Database\Eloquent\Model->performInsert()
#9 /var/www/html/yukimart/vendor/laravel/framework/src/Illuminate/Database/Eloquent/Builder.php(986): Illuminate\Database\Eloquent\Model->save()
#10 /var/www/html/yukimart/vendor/laravel/framework/src/Illuminate/Support/helpers.php(319): Illuminate\Database\Eloquent\Builder->Illuminate\Database\Eloquent\{closure}()
#11 /var/www/html/yukimart/vendor/laravel/framework/src/Illuminate/Database/Eloquent/Builder.php(985): tap()
#12 /var/www/html/yukimart/vendor/laravel/framework/src/Illuminate/Support/Traits/ForwardsCalls.php(23): Illuminate\Database\Eloquent\Builder->create()
#13 /var/www/html/yukimart/vendor/laravel/framework/src/Illuminate/Database/Eloquent/Model.php(2330): Illuminate\Database\Eloquent\Model->forwardCallTo()
#14 /var/www/html/yukimart/vendor/laravel/framework/src/Illuminate/Database/Eloquent/Model.php(2342): Illuminate\Database\Eloquent\Model->__call()
#15 /var/www/html/yukimart/app/Services/OrderService.php(303): Illuminate\Database\Eloquent\Model::__callStatic()
#16 /var/www/html/yukimart/app/Services/OrderService.php(246): App\Services\OrderService->createOrderItem()
#17 /var/www/html/yukimart/app/Http/Controllers/Admin/QuickOrderController.php(125): App\Services\OrderService->createOrder()
#18 /var/www/html/yukimart/vendor/laravel/framework/src/Illuminate/Routing/Controller.php(54): App\Http\Controllers\Admin\QuickOrderController->store()
#19 /var/www/html/yukimart/vendor/laravel/framework/src/Illuminate/Routing/ControllerDispatcher.php(43): Illuminate\Routing\Controller->callAction()
#20 /var/www/html/yukimart/vendor/laravel/framework/src/Illuminate/Routing/Route.php(259): Illuminate\Routing\ControllerDispatcher->dispatch()
#21 /var/www/html/yukimart/vendor/laravel/framework/src/Illuminate/Routing/Route.php(205): Illuminate\Routing\Route->runController()
#22 /var/www/html/yukimart/vendor/laravel/framework/src/Illuminate/Routing/Router.php(798): Illuminate\Routing\Route->run()
#23 /var/www/html/yukimart/vendor/laravel/framework/src/Illuminate/Pipeline/Pipeline.php(141): Illuminate\Routing\Router->Illuminate\Routing\{closure}()
#24 /var/www/html/yukimart/app/Http/Middleware/Authenticate.php(55): Illuminate\Pipeline\Pipeline->Illuminate\Pipeline\{closure}()
#25 /var/www/html/yukimart/vendor/laravel/framework/src/Illuminate/Pipeline/Pipeline.php(180): App\Http\Middleware\Authenticate->handle()
#26 /var/www/html/yukimart/vendor/barryvdh/laravel-debugbar/src/Middleware/InjectDebugbar.php(66): Illuminate\Pipeline\Pipeline->Illuminate\Pipeline\{closure}()
#27 /var/www/html/yukimart/vendor/laravel/framework/src/Illuminate/Pipeline/Pipeline.php(180): Barryvdh\Debugbar\Middleware\InjectDebugbar->handle()
#28 /var/www/html/yukimart/app/Http/Middleware/SetLocale.php(42): Illuminate\Pipeline\Pipeline->Illuminate\Pipeline\{closure}()
#29 /var/www/html/yukimart/vendor/laravel/framework/src/Illuminate/Pipeline/Pipeline.php(180): App\Http\Middleware\SetLocale->handle()
#30 /var/www/html/yukimart/vendor/laravel/framework/src/Illuminate/Routing/Middleware/SubstituteBindings.php(50): Illuminate\Pipeline\Pipeline->Illuminate\Pipeline\{closure}()
#31 /var/www/html/yukimart/vendor/laravel/framework/src/Illuminate/Pipeline/Pipeline.php(180): Illuminate\Routing\Middleware\SubstituteBindings->handle()
#32 /var/www/html/yukimart/vendor/laravel/framework/src/Illuminate/Foundation/Http/Middleware/VerifyCsrfToken.php(78): Illuminate\Pipeline\Pipeline->Illuminate\Pipeline\{closure}()
#33 /var/www/html/yukimart/vendor/laravel/framework/src/Illuminate/Pipeline/Pipeline.php(180): Illuminate\Foundation\Http\Middleware\VerifyCsrfToken->handle()
#34 /var/www/html/yukimart/vendor/laravel/framework/src/Illuminate/View/Middleware/ShareErrorsFromSession.php(49): Illuminate\Pipeline\Pipeline->Illuminate\Pipeline\{closure}()
#35 /var/www/html/yukimart/vendor/laravel/framework/src/Illuminate/Pipeline/Pipeline.php(180): Illuminate\View\Middleware\ShareErrorsFromSession->handle()
#36 /var/www/html/yukimart/vendor/laravel/framework/src/Illuminate/Session/Middleware/StartSession.php(121): Illuminate\Pipeline\Pipeline->Illuminate\Pipeline\{closure}()
#37 /var/www/html/yukimart/vendor/laravel/framework/src/Illuminate/Session/Middleware/StartSession.php(64): Illuminate\Session\Middleware\StartSession->handleStatefulRequest()
#38 /var/www/html/yukimart/vendor/laravel/framework/src/Illuminate/Pipeline/Pipeline.php(180): Illuminate\Session\Middleware\StartSession->handle()
#39 /var/www/html/yukimart/vendor/laravel/framework/src/Illuminate/Cookie/Middleware/AddQueuedCookiesToResponse.php(37): Illuminate\Pipeline\Pipeline->Illuminate\Pipeline\{closure}()
#40 /var/www/html/yukimart/vendor/laravel/framework/src/Illuminate/Pipeline/Pipeline.php(180): Illuminate\Cookie\Middleware\AddQueuedCookiesToResponse->handle()
#41 /var/www/html/yukimart/vendor/laravel/framework/src/Illuminate/Cookie/Middleware/EncryptCookies.php(67): Illuminate\Pipeline\Pipeline->Illuminate\Pipeline\{closure}()
#42 /var/www/html/yukimart/vendor/laravel/framework/src/Illuminate/Pipeline/Pipeline.php(180): Illuminate\Cookie\Middleware\EncryptCookies->handle()
#43 /var/www/html/yukimart/vendor/laravel/framework/src/Illuminate/Pipeline/Pipeline.php(116): Illuminate\Pipeline\Pipeline->Illuminate\Pipeline\{closure}()
#44 /var/www/html/yukimart/vendor/laravel/framework/src/Illuminate/Routing/Router.php(797): Illuminate\Pipeline\Pipeline->then()
#45 /var/www/html/yukimart/vendor/laravel/framework/src/Illuminate/Routing/Router.php(776): Illuminate\Routing\Router->runRouteWithinStack()
#46 /var/www/html/yukimart/vendor/laravel/framework/src/Illuminate/Routing/Router.php(740): Illuminate\Routing\Router->runRoute()
#47 /var/www/html/yukimart/vendor/laravel/framework/src/Illuminate/Routing/Router.php(729): Illuminate\Routing\Router->dispatchToRoute()
#48 /var/www/html/yukimart/vendor/laravel/framework/src/Illuminate/Foundation/Http/Kernel.php(190): Illuminate\Routing\Router->dispatch()
#49 /var/www/html/yukimart/vendor/laravel/framework/src/Illuminate/Pipeline/Pipeline.php(141): Illuminate\Foundation\Http\Kernel->Illuminate\Foundation\Http\{closure}()
#50 /var/www/html/yukimart/vendor/barryvdh/laravel-debugbar/src/Middleware/InjectDebugbar.php(66): Illuminate\Pipeline\Pipeline->Illuminate\Pipeline\{closure}()
#51 /var/www/html/yukimart/vendor/laravel/framework/src/Illuminate/Pipeline/Pipeline.php(180): Barryvdh\Debugbar\Middleware\InjectDebugbar->handle()
#52 /var/www/html/yukimart/vendor/laravel/framework/src/Illuminate/Foundation/Http/Middleware/TransformsRequest.php(21): Illuminate\Pipeline\Pipeline->Illuminate\Pipeline\{closure}()
#53 /var/www/html/yukimart/vendor/laravel/framework/src/Illuminate/Foundation/Http/Middleware/ConvertEmptyStringsToNull.php(31): Illuminate\Foundation\Http\Middleware\TransformsRequest->handle()
#54 /var/www/html/yukimart/vendor/laravel/framework/src/Illuminate/Pipeline/Pipeline.php(180): Illuminate\Foundation\Http\Middleware\ConvertEmptyStringsToNull->handle()
#55 /var/www/html/yukimart/vendor/laravel/framework/src/Illuminate/Foundation/Http/Middleware/TransformsRequest.php(21): Illuminate\Pipeline\Pipeline->Illuminate\Pipeline\{closure}()
#56 /var/www/html/yukimart/vendor/laravel/framework/src/Illuminate/Foundation/Http/Middleware/TrimStrings.php(40): Illuminate\Foundation\Http\Middleware\TransformsRequest->handle()
#57 /var/www/html/yukimart/vendor/laravel/framework/src/Illuminate/Pipeline/Pipeline.php(180): Illuminate\Foundation\Http\Middleware\TrimStrings->handle()
#58 /var/www/html/yukimart/vendor/laravel/framework/src/Illuminate/Foundation/Http/Middleware/ValidatePostSize.php(27): Illuminate\Pipeline\Pipeline->Illuminate\Pipeline\{closure}()
#59 /var/www/html/yukimart/vendor/laravel/framework/src/Illuminate/Pipeline/Pipeline.php(180): Illuminate\Foundation\Http\Middleware\ValidatePostSize->handle()
#60 /var/www/html/yukimart/vendor/laravel/framework/src/Illuminate/Foundation/Http/Middleware/PreventRequestsDuringMaintenance.php(86): Illuminate\Pipeline\Pipeline->Illuminate\Pipeline\{closure}()
#61 /var/www/html/yukimart/vendor/laravel/framework/src/Illuminate/Pipeline/Pipeline.php(180): Illuminate\Foundation\Http\Middleware\PreventRequestsDuringMaintenance->handle()
#62 /var/www/html/yukimart/vendor/laravel/framework/src/Illuminate/Http/Middleware/HandleCors.php(49): Illuminate\Pipeline\Pipeline->Illuminate\Pipeline\{closure}()
#63 /var/www/html/yukimart/vendor/laravel/framework/src/Illuminate/Pipeline/Pipeline.php(180): Illuminate\Http\Middleware\HandleCors->handle()
#64 /var/www/html/yukimart/vendor/laravel/framework/src/Illuminate/Http/Middleware/TrustProxies.php(39): Illuminate\Pipeline\Pipeline->Illuminate\Pipeline\{closure}()
#65 /var/www/html/yukimart/vendor/laravel/framework/src/Illuminate/Pipeline/Pipeline.php(180): Illuminate\Http\Middleware\TrustProxies->handle()
#66 /var/www/html/yukimart/vendor/laravel/framework/src/Illuminate/Pipeline/Pipeline.php(116): Illuminate\Pipeline\Pipeline->Illuminate\Pipeline\{closure}()
#67 /var/www/html/yukimart/vendor/laravel/framework/src/Illuminate/Foundation/Http/Kernel.php(165): Illuminate\Pipeline\Pipeline->then()
#68 /var/www/html/yukimart/vendor/laravel/framework/src/Illuminate/Foundation/Http/Kernel.php(134): Illuminate\Foundation\Http\Kernel->sendRequestThroughRouter()
#69 /var/www/html/yukimart/public/index.php(51): Illuminate\Foundation\Http\Kernel->handle()
#70 {main}
[31-Jul-2025 19:02:52 Asia/Ho_Chi_Minh] OrderService::createOrder - Starting order creation
[31-Jul-2025 19:02:52 Asia/Ho_Chi_Minh] OrderService::createOrder - Data: {"customer_id":null,"branch_shop_id":18,"sold_by":1,"channel":"direct","payment_method":"cash","payment_status":"paid","payment_date":"2025-07-31T12:02:52.084076Z","amount_paid":50000,"status":"draft","delivery_status":"pending","notes":"","total_amount":50000,"discount_amount":0,"other_amount":0,"final_amount":50000,"created_by_user":1,"items":[{"product_id":67,"product_name":"Dao g\u1ecdt hoa qu\u1ea3 \u0111\u1ee5c l\u1ed7 Echo 25cm","sku":"4991203155313","barcode":"4991203155313","quantity":1,"unit_price":50000,"discount":0,"total_price":50000,"cost_price":"25000.00","weight":null}],"quick_order":true}
[31-Jul-2025 19:02:52 Asia/Ho_Chi_Minh] OrderService::createOrder - About to save order
[31-Jul-2025 19:02:52 Asia/Ho_Chi_Minh] OrderService::createOrder - Order saved with ID: 1825
[31-Jul-2025 19:02:52 Asia/Ho_Chi_Minh] OrderService::createOrder failed: SQLSTATE[42S22]: Column not found: 1054 Unknown column 'product_name' in 'field list' (SQL: insert into `order_items` (`order_id`, `product_id`, `product_name`, `product_sku`, `product_description`, `quantity`, `unit`, `unit_price`, `discount_rate`, `discount`, `tax_rate`, `tax_amount`, `notes`, `sort_order`, `total_price`, `updated_at`, `created_at`) values (1825, 67, Dao gọt hoa quả đục lỗ Echo 25cm, 4991203155313, Dao gọt hoa quả đục lỗ Mini cook 25cm

Kích thước: 400mm x 250mm (lưỡi dao dài 130mm, cán dao 120mm)
Chất liệu:
- Cán dao bằng nhựa PP, Lưỡi dao bằng thép không gỉ chịu được nhiệt độ từ -20 độ đến 70 độ C
Dao nhỏ gọn và tiện sử dụng cho việc cắt gọt với chiều dài lưỡi phù hợp, thân dao thiết kế nhiều lỗ giúp thức ăn không bị dính vào lưỡi dao khi cắt., 1, cái, 50000, 0, 0, 0, 0, ?, 0, 50000, 2025-07-31 19:02:52, 2025-07-31 19:02:52))
[31-Jul-2025 19:02:52 Asia/Ho_Chi_Minh] OrderService::createOrder trace: #0 /var/www/html/yukimart/vendor/laravel/framework/src/Illuminate/Database/Connection.php(720): Illuminate\Database\Connection->runQueryCallback()
#1 /var/www/html/yukimart/vendor/laravel/framework/src/Illuminate/Database/Connection.php(534): Illuminate\Database\Connection->run()
#2 /var/www/html/yukimart/vendor/laravel/framework/src/Illuminate/Database/Connection.php(498): Illuminate\Database\Connection->statement()
#3 /var/www/html/yukimart/vendor/laravel/framework/src/Illuminate/Database/Query/Processors/Processor.php(32): Illuminate\Database\Connection->insert()
#4 /var/www/html/yukimart/vendor/laravel/framework/src/Illuminate/Database/Query/Builder.php(3322): Illuminate\Database\Query\Processors\Processor->processInsertGetId()
#5 /var/www/html/yukimart/vendor/laravel/framework/src/Illuminate/Database/Eloquent/Builder.php(1869): Illuminate\Database\Query\Builder->insertGetId()
#6 /var/www/html/yukimart/vendor/laravel/framework/src/Illuminate/Database/Eloquent/Model.php(1330): Illuminate\Database\Eloquent\Builder->__call()
#7 /var/www/html/yukimart/vendor/laravel/framework/src/Illuminate/Database/Eloquent/Model.php(1295): Illuminate\Database\Eloquent\Model->insertAndSetId()
#8 /var/www/html/yukimart/vendor/laravel/framework/src/Illuminate/Database/Eloquent/Model.php(1138): Illuminate\Database\Eloquent\Model->performInsert()
#9 /var/www/html/yukimart/vendor/laravel/framework/src/Illuminate/Database/Eloquent/Builder.php(986): Illuminate\Database\Eloquent\Model->save()
#10 /var/www/html/yukimart/vendor/laravel/framework/src/Illuminate/Support/helpers.php(319): Illuminate\Database\Eloquent\Builder->Illuminate\Database\Eloquent\{closure}()
#11 /var/www/html/yukimart/vendor/laravel/framework/src/Illuminate/Database/Eloquent/Builder.php(985): tap()
#12 /var/www/html/yukimart/vendor/laravel/framework/src/Illuminate/Support/Traits/ForwardsCalls.php(23): Illuminate\Database\Eloquent\Builder->create()
#13 /var/www/html/yukimart/vendor/laravel/framework/src/Illuminate/Database/Eloquent/Model.php(2330): Illuminate\Database\Eloquent\Model->forwardCallTo()
#14 /var/www/html/yukimart/vendor/laravel/framework/src/Illuminate/Database/Eloquent/Model.php(2342): Illuminate\Database\Eloquent\Model->__call()
#15 /var/www/html/yukimart/app/Services/OrderService.php(303): Illuminate\Database\Eloquent\Model::__callStatic()
#16 /var/www/html/yukimart/app/Services/OrderService.php(246): App\Services\OrderService->createOrderItem()
#17 /var/www/html/yukimart/app/Http/Controllers/Admin/QuickOrderController.php(125): App\Services\OrderService->createOrder()
#18 /var/www/html/yukimart/vendor/laravel/framework/src/Illuminate/Routing/Controller.php(54): App\Http\Controllers\Admin\QuickOrderController->store()
#19 /var/www/html/yukimart/vendor/laravel/framework/src/Illuminate/Routing/ControllerDispatcher.php(43): Illuminate\Routing\Controller->callAction()
#20 /var/www/html/yukimart/vendor/laravel/framework/src/Illuminate/Routing/Route.php(259): Illuminate\Routing\ControllerDispatcher->dispatch()
#21 /var/www/html/yukimart/vendor/laravel/framework/src/Illuminate/Routing/Route.php(205): Illuminate\Routing\Route->runController()
#22 /var/www/html/yukimart/vendor/laravel/framework/src/Illuminate/Routing/Router.php(798): Illuminate\Routing\Route->run()
#23 /var/www/html/yukimart/vendor/laravel/framework/src/Illuminate/Pipeline/Pipeline.php(141): Illuminate\Routing\Router->Illuminate\Routing\{closure}()
#24 /var/www/html/yukimart/app/Http/Middleware/Authenticate.php(55): Illuminate\Pipeline\Pipeline->Illuminate\Pipeline\{closure}()
#25 /var/www/html/yukimart/vendor/laravel/framework/src/Illuminate/Pipeline/Pipeline.php(180): App\Http\Middleware\Authenticate->handle()
#26 /var/www/html/yukimart/vendor/barryvdh/laravel-debugbar/src/Middleware/InjectDebugbar.php(66): Illuminate\Pipeline\Pipeline->Illuminate\Pipeline\{closure}()
#27 /var/www/html/yukimart/vendor/laravel/framework/src/Illuminate/Pipeline/Pipeline.php(180): Barryvdh\Debugbar\Middleware\InjectDebugbar->handle()
#28 /var/www/html/yukimart/app/Http/Middleware/SetLocale.php(42): Illuminate\Pipeline\Pipeline->Illuminate\Pipeline\{closure}()
#29 /var/www/html/yukimart/vendor/laravel/framework/src/Illuminate/Pipeline/Pipeline.php(180): App\Http\Middleware\SetLocale->handle()
#30 /var/www/html/yukimart/vendor/laravel/framework/src/Illuminate/Routing/Middleware/SubstituteBindings.php(50): Illuminate\Pipeline\Pipeline->Illuminate\Pipeline\{closure}()
#31 /var/www/html/yukimart/vendor/laravel/framework/src/Illuminate/Pipeline/Pipeline.php(180): Illuminate\Routing\Middleware\SubstituteBindings->handle()
#32 /var/www/html/yukimart/vendor/laravel/framework/src/Illuminate/Foundation/Http/Middleware/VerifyCsrfToken.php(78): Illuminate\Pipeline\Pipeline->Illuminate\Pipeline\{closure}()
#33 /var/www/html/yukimart/vendor/laravel/framework/src/Illuminate/Pipeline/Pipeline.php(180): Illuminate\Foundation\Http\Middleware\VerifyCsrfToken->handle()
#34 /var/www/html/yukimart/vendor/laravel/framework/src/Illuminate/View/Middleware/ShareErrorsFromSession.php(49): Illuminate\Pipeline\Pipeline->Illuminate\Pipeline\{closure}()
#35 /var/www/html/yukimart/vendor/laravel/framework/src/Illuminate/Pipeline/Pipeline.php(180): Illuminate\View\Middleware\ShareErrorsFromSession->handle()
#36 /var/www/html/yukimart/vendor/laravel/framework/src/Illuminate/Session/Middleware/StartSession.php(121): Illuminate\Pipeline\Pipeline->Illuminate\Pipeline\{closure}()
#37 /var/www/html/yukimart/vendor/laravel/framework/src/Illuminate/Session/Middleware/StartSession.php(64): Illuminate\Session\Middleware\StartSession->handleStatefulRequest()
#38 /var/www/html/yukimart/vendor/laravel/framework/src/Illuminate/Pipeline/Pipeline.php(180): Illuminate\Session\Middleware\StartSession->handle()
#39 /var/www/html/yukimart/vendor/laravel/framework/src/Illuminate/Cookie/Middleware/AddQueuedCookiesToResponse.php(37): Illuminate\Pipeline\Pipeline->Illuminate\Pipeline\{closure}()
#40 /var/www/html/yukimart/vendor/laravel/framework/src/Illuminate/Pipeline/Pipeline.php(180): Illuminate\Cookie\Middleware\AddQueuedCookiesToResponse->handle()
#41 /var/www/html/yukimart/vendor/laravel/framework/src/Illuminate/Cookie/Middleware/EncryptCookies.php(67): Illuminate\Pipeline\Pipeline->Illuminate\Pipeline\{closure}()
#42 /var/www/html/yukimart/vendor/laravel/framework/src/Illuminate/Pipeline/Pipeline.php(180): Illuminate\Cookie\Middleware\EncryptCookies->handle()
#43 /var/www/html/yukimart/vendor/laravel/framework/src/Illuminate/Pipeline/Pipeline.php(116): Illuminate\Pipeline\Pipeline->Illuminate\Pipeline\{closure}()
#44 /var/www/html/yukimart/vendor/laravel/framework/src/Illuminate/Routing/Router.php(797): Illuminate\Pipeline\Pipeline->then()
#45 /var/www/html/yukimart/vendor/laravel/framework/src/Illuminate/Routing/Router.php(776): Illuminate\Routing\Router->runRouteWithinStack()
#46 /var/www/html/yukimart/vendor/laravel/framework/src/Illuminate/Routing/Router.php(740): Illuminate\Routing\Router->runRoute()
#47 /var/www/html/yukimart/vendor/laravel/framework/src/Illuminate/Routing/Router.php(729): Illuminate\Routing\Router->dispatchToRoute()
#48 /var/www/html/yukimart/vendor/laravel/framework/src/Illuminate/Foundation/Http/Kernel.php(190): Illuminate\Routing\Router->dispatch()
#49 /var/www/html/yukimart/vendor/laravel/framework/src/Illuminate/Pipeline/Pipeline.php(141): Illuminate\Foundation\Http\Kernel->Illuminate\Foundation\Http\{closure}()
#50 /var/www/html/yukimart/vendor/barryvdh/laravel-debugbar/src/Middleware/InjectDebugbar.php(66): Illuminate\Pipeline\Pipeline->Illuminate\Pipeline\{closure}()
#51 /var/www/html/yukimart/vendor/laravel/framework/src/Illuminate/Pipeline/Pipeline.php(180): Barryvdh\Debugbar\Middleware\InjectDebugbar->handle()
#52 /var/www/html/yukimart/vendor/laravel/framework/src/Illuminate/Foundation/Http/Middleware/TransformsRequest.php(21): Illuminate\Pipeline\Pipeline->Illuminate\Pipeline\{closure}()
#53 /var/www/html/yukimart/vendor/laravel/framework/src/Illuminate/Foundation/Http/Middleware/ConvertEmptyStringsToNull.php(31): Illuminate\Foundation\Http\Middleware\TransformsRequest->handle()
#54 /var/www/html/yukimart/vendor/laravel/framework/src/Illuminate/Pipeline/Pipeline.php(180): Illuminate\Foundation\Http\Middleware\ConvertEmptyStringsToNull->handle()
#55 /var/www/html/yukimart/vendor/laravel/framework/src/Illuminate/Foundation/Http/Middleware/TransformsRequest.php(21): Illuminate\Pipeline\Pipeline->Illuminate\Pipeline\{closure}()
#56 /var/www/html/yukimart/vendor/laravel/framework/src/Illuminate/Foundation/Http/Middleware/TrimStrings.php(40): Illuminate\Foundation\Http\Middleware\TransformsRequest->handle()
#57 /var/www/html/yukimart/vendor/laravel/framework/src/Illuminate/Pipeline/Pipeline.php(180): Illuminate\Foundation\Http\Middleware\TrimStrings->handle()
#58 /var/www/html/yukimart/vendor/laravel/framework/src/Illuminate/Foundation/Http/Middleware/ValidatePostSize.php(27): Illuminate\Pipeline\Pipeline->Illuminate\Pipeline\{closure}()
#59 /var/www/html/yukimart/vendor/laravel/framework/src/Illuminate/Pipeline/Pipeline.php(180): Illuminate\Foundation\Http\Middleware\ValidatePostSize->handle()
#60 /var/www/html/yukimart/vendor/laravel/framework/src/Illuminate/Foundation/Http/Middleware/PreventRequestsDuringMaintenance.php(86): Illuminate\Pipeline\Pipeline->Illuminate\Pipeline\{closure}()
#61 /var/www/html/yukimart/vendor/laravel/framework/src/Illuminate/Pipeline/Pipeline.php(180): Illuminate\Foundation\Http\Middleware\PreventRequestsDuringMaintenance->handle()
#62 /var/www/html/yukimart/vendor/laravel/framework/src/Illuminate/Http/Middleware/HandleCors.php(49): Illuminate\Pipeline\Pipeline->Illuminate\Pipeline\{closure}()
#63 /var/www/html/yukimart/vendor/laravel/framework/src/Illuminate/Pipeline/Pipeline.php(180): Illuminate\Http\Middleware\HandleCors->handle()
#64 /var/www/html/yukimart/vendor/laravel/framework/src/Illuminate/Http/Middleware/TrustProxies.php(39): Illuminate\Pipeline\Pipeline->Illuminate\Pipeline\{closure}()
#65 /var/www/html/yukimart/vendor/laravel/framework/src/Illuminate/Pipeline/Pipeline.php(180): Illuminate\Http\Middleware\TrustProxies->handle()
#66 /var/www/html/yukimart/vendor/laravel/framework/src/Illuminate/Pipeline/Pipeline.php(116): Illuminate\Pipeline\Pipeline->Illuminate\Pipeline\{closure}()
#67 /var/www/html/yukimart/vendor/laravel/framework/src/Illuminate/Foundation/Http/Kernel.php(165): Illuminate\Pipeline\Pipeline->then()
#68 /var/www/html/yukimart/vendor/laravel/framework/src/Illuminate/Foundation/Http/Kernel.php(134): Illuminate\Foundation\Http\Kernel->sendRequestThroughRouter()
#69 /var/www/html/yukimart/public/index.php(51): Illuminate\Foundation\Http\Kernel->handle()
#70 {main}
[31-Jul-2025 19:04:34 Asia/Ho_Chi_Minh] OrderService::createOrder - Starting order creation
[31-Jul-2025 19:04:34 Asia/Ho_Chi_Minh] OrderService::createOrder - Data: {"customer_id":null,"branch_shop_id":18,"sold_by":1,"channel":"direct","payment_method":"cash","payment_status":"paid","payment_date":"2025-07-31T12:04:34.644701Z","amount_paid":50000,"status":"draft","delivery_status":"pending","notes":"","total_amount":50000,"discount_amount":0,"other_amount":0,"final_amount":50000,"created_by_user":1,"items":[{"product_id":67,"product_name":"Dao g\u1ecdt hoa qu\u1ea3 \u0111\u1ee5c l\u1ed7 Echo 25cm","sku":"4991203155313","barcode":"4991203155313","quantity":1,"unit_price":50000,"discount":0,"total_price":50000,"cost_price":"25000.00","weight":null}],"quick_order":true}
[31-Jul-2025 19:04:34 Asia/Ho_Chi_Minh] OrderService::createOrder - About to save order
[31-Jul-2025 19:04:35 Asia/Ho_Chi_Minh] OrderService::createOrder - Order saved with ID: 1826
[31-Jul-2025 21:00:26 Asia/Ho_Chi_Minh] OrderService::createOrder - Starting order creation
[31-Jul-2025 21:00:26 Asia/Ho_Chi_Minh] OrderService::createOrder - Data: {"customer_id":null,"branch_shop_id":"18","sold_by":"1","channel":"direct","payment_method":"cash","payment_status":"paid","payment_date":"2025-07-31T14:00:26.498236Z","amount_paid":"18000000","status":"draft","delivery_status":"pending","notes":"","total_amount":18000000,"discount_amount":0,"other_amount":0,"final_amount":18000000,"created_by_user":1,"items":[{"product_id":3805,"product_name":"Laptop Dell Inspiron 15","sku":"LAPTOP001","barcode":"1234567890123","quantity":1,"unit_price":18000000,"discount":0,"total_price":18000000,"cost_price":"15000000.00","weight":2500}],"quick_order":true}
[31-Jul-2025 21:00:26 Asia/Ho_Chi_Minh] OrderService::createOrder - About to save order
[31-Jul-2025 21:00:27 Asia/Ho_Chi_Minh] OrderService::createOrder - Order saved with ID: 1827
[31-Jul-2025 21:03:09 Asia/Ho_Chi_Minh] OrderService::createOrder - Starting order creation
[31-Jul-2025 21:03:09 Asia/Ho_Chi_Minh] OrderService::createOrder - Data: {"customer_id":"1","branch_shop_id":"18","sold_by":"1","channel":"direct","payment_method":"cash","payment_status":"paid","payment_date":"2025-07-31T14:03:09.449818Z","amount_paid":"18000000","status":"draft","delivery_status":"pending","notes":"","total_amount":18000000,"discount_amount":0,"other_amount":0,"final_amount":18000000,"created_by_user":1,"items":[{"product_id":3805,"product_name":"Laptop Dell Inspiron 15","sku":"LAPTOP001","barcode":"1234567890123","quantity":1,"unit_price":18000000,"discount":0,"total_price":18000000,"cost_price":"15000000.00","weight":2500}],"quick_order":true}
[31-Jul-2025 21:03:09 Asia/Ho_Chi_Minh] OrderService::createOrder - About to save order
[31-Jul-2025 21:03:09 Asia/Ho_Chi_Minh] OrderService::createOrder - Order saved with ID: 1828
[01-Aug-2025 17:26:25 Asia/Ho_Chi_Minh] OrderService::createOrder - Starting order creation
[01-Aug-2025 17:26:25 Asia/Ho_Chi_Minh] OrderService::createOrder - Data: {"customer_id":null,"branch_shop_id":"18","sold_by":"1","channel":"direct","payment_method":"cash","payment_status":"paid","payment_date":"2025-08-01T10:26:25.973435Z","amount_paid":"690000","status":"draft","delivery_status":"pending","notes":"","total_amount":690000,"discount_amount":0,"other_amount":0,"final_amount":690000,"created_by_user":1,"items":[{"product_id":102,"product_name":"Vi\u00ean u\u1ed1ng \u0111\u1ea1i tr\u00e0ng Kowa","sku":"4987067245000","barcode":"4987067245000","quantity":1,"unit_price":690000,"discount":0,"total_price":690000,"cost_price":"490000.00","weight":null}],"quick_order":true}
[01-Aug-2025 17:26:26 Asia/Ho_Chi_Minh] OrderService::createOrder - About to save order
[01-Aug-2025 17:26:26 Asia/Ho_Chi_Minh] OrderService::createOrder - Order saved with ID: 1829
